1675158539685	geckodriver	INFO	Listening on 127.0.0.1:58194
1675158542825	mozrunner::runner	INFO	Running command: "C:\\Program Files\\Mozilla Firefox\\firefox.exe" "--marionette" "-no-remote" "-profile" "C:\\Users\\RAFAEL~1.AMA\\AppData\\Local\\Temp\\rust_mozprofilerg3oLE"
1675158549998	Marionette	INFO	Marionette enabled
1675158550027	Marionette	INFO	Listening on port 58213
Read port: 58213
Read port: 58213
Read port: 58213
Read port: 58213
Read port: 58213
Read port: 58213
1675158556786	RemoteAgent	WARN	TLS certificate errors will be ignored for this session
console.warn: SearchSettings: "get: No settings file exists, new profile?" (new NotFoundError("Could not open the file at C:\\Users\\RAFAEL~1.AMA\\AppData\\Local\\Temp\\rust_mozprofilerg3oLE\\search.json.mozlz4", (void 0)))
console.warn: LoginRecipes: "Falling back to a synchronous message for: https://login.live.com."
console.warn: LoginRecipes: "Falling back to a synchronous message for: https://login.live.com."
console.warn: LoginRecipes: "Falling back to a synchronous message for: https://login.live.com."
console.warn: LoginRecipes: "Falling back to a synchronous message for: https://login.live.com."
console.warn: LoginRecipes: "Falling back to a synchronous message for: https://login.live.com."
1675158600174	Marionette	WARN	Ignoring event 'DOMContentLoaded' because document has an invalid readyState of 'complete'.
JavaScript error: , line 0: uncaught exception: undefined
JavaScript error: https://tag.idsync.analytics.yahoo.com/sp-frame.html?referrer=https%3A%2F%2Flogin.live.com%2F, line 1: SecurityError: The operation is insecure.
1675158639675	Marionette	WARN	TimedPromise timed out after 500 ms: stacktrace:
TimedPromise/<@chrome://remote/content/marionette/sync.sys.mjs:219:24
TimedPromise@chrome://remote/content/marionette/sync.sys.mjs:204:10
interaction.flushEventLoop@chrome://remote/content/marionette/interaction.sys.mjs:425:10
webdriverClickElement@chrome://remote/content/marionette/interaction.sys.mjs:173:31
1675158699992	Marionette	INFO	Stopped listening on port 58213
JavaScript warning: https://cdn.js7k.com/ix/talon-1.0.40.js, line 1: WEBGL_debug_renderer_info is deprecated in Firefox and will be removed. Please use RENDERER.
[Parent 230148, IPC I/O Parent] WARNING: pipe error: 232: file /builds/worker/checkouts/gecko/ipc/chromium/src/chrome/common/ipc_channel_win.cc:559
[Parent 230148, IPC I/O Parent] WARNING: pipe error: 232: file /builds/worker/checkouts/gecko/ipc/chromium/src/chrome/common/ipc_channel_win.cc:559
1675158717153	geckodriver	INFO	Listening on 127.0.0.1:58392
1675158720241	mozrunner::runner	INFO	Running command: "C:\\Program Files\\Mozilla Firefox\\firefox.exe" "--marionette" "-no-remote" "-profile" "C:\\Users\\RAFAEL~1.AMA\\AppData\\Local\\Temp\\rust_mozprofile2WL87e"
1675158724738	Marionette	INFO	Marionette enabled
1675158724753	Marionette	INFO	Listening on port 58405
Read port: 58405
Read port: 58405
1675158727095	RemoteAgent	WARN	TLS certificate errors will be ignored for this session
console.warn: SearchSettings: "get: No settings file exists, new profile?" (new NotFoundError("Could not open the file at C:\\Users\\RAFAEL~1.AMA\\AppData\\Local\\Temp\\rust_mozprofile2WL87e\\search.json.mozlz4", (void 0)))
console.warn: LoginRecipes: "Falling back to a synchronous message for: http://monitorweb.ph3a.com.br."
1675158741319	Marionette	WARN	TimedPromise timed out after 500 ms: stacktrace:
TimedPromise/<@chrome://remote/content/marionette/sync.sys.mjs:219:24
TimedPromise@chrome://remote/content/marionette/sync.sys.mjs:204:10
interaction.flushEventLoop@chrome://remote/content/marionette/interaction.sys.mjs:425:10
webdriverClickElement@chrome://remote/content/marionette/interaction.sys.mjs:173:31
console.warn: LoginRecipes: "Falling back to a synchronous message for: https://www.ph3a.com.br."
1675158854079	Marionette	INFO	Stopped listening on port 58405
JavaScript error: chrome://remote/content/marionette/cert.sys.mjs, line 51: NS_ERROR_NOT_AVAILABLE: Component returned failure code: 0x80040111 (NS_ERROR_NOT_AVAILABLE) [nsICertOverrideService.setDisableAllSecurityChecksAndLetAttackersInterceptMyData]
1675346662963	geckodriver	INFO	Listening on 127.0.0.1:52939
1675346666157	mozrunner::runner	INFO	Running command: "C:\\Program Files\\Mozilla Firefox\\firefox.exe" "--marionette" "-no-remote" "-profile" "C:\\Users\\RAFAEL~1.AMA\\AppData\\Local\\Temp\\rust_mozprofilegUOpoC"
1675346675507	Marionette	INFO	Marionette enabled
1675346675534	Marionette	INFO	Listening on port 52956
Read port: 52956
Read port: 52956
Read port: 52956
Read port: 52956
Read port: 52956
1675346681214	RemoteAgent	WARN	TLS certificate errors will be ignored for this session
console.warn: SearchSettings: "get: No settings file exists, new profile?" (new NotFoundError("Could not open the file at C:\\Users\\RAFAEL~1.AMA\\AppData\\Local\\Temp\\rust_mozprofilegUOpoC\\search.json.mozlz4", (void 0)))
console.warn: LoginRecipes: "Falling back to a synchronous message for: https://login.live.com."
console.warn: LoginRecipes: "Falling back to a synchronous message for: https://login.live.com."
console.warn: LoginRecipes: "Falling back to a synchronous message for: https://login.live.com."
console.warn: LoginRecipes: "Falling back to a synchronous message for: https://login.live.com."
console.warn: LoginRecipes: "Falling back to a synchronous message for: https://login.live.com."
1675346727382	Marionette	WARN	Ignoring event 'DOMContentLoaded' because document has an invalid readyState of 'complete'.
JavaScript error: https://tag.idsync.analytics.yahoo.com/sp-frame.html?referrer=https%3A%2F%2Flogin.live.com%2F, line 1: SecurityError: The operation is insecure.
1675346767463	Marionette	WARN	TimedPromise timed out after 500 ms: stacktrace:
TimedPromise/<@chrome://remote/content/marionette/sync.sys.mjs:219:24
TimedPromise@chrome://remote/content/marionette/sync.sys.mjs:204:10
interaction.flushEventLoop@chrome://remote/content/marionette/interaction.sys.mjs:425:10
webdriverClickElement@chrome://remote/content/marionette/interaction.sys.mjs:173:31
[Parent 239108, IPC I/O Parent] WARNING: DuplicateHandle failed for handle 0 in TransferHandles: file /builds/worker/checkouts/gecko/ipc/chromium/src/chrome/common/ipc_channel_win.cc:746
JavaScript warning: https://cdn.js7k.com/ix/talon-1.0.40.js, line 1: WEBGL_debug_renderer_info is deprecated in Firefox and will be removed. Please use RENDERER.
console.warn: LoginRecipes: "Falling back to a synchronous message for: https://www.ph3a.com.br."
1675346837235	Marionette	INFO	Stopped listening on port 52956
1675346839514	Marionette	WARN	No reply from parent process
1675346839522	RemoteAgent	WARN	No reply from parent process
JavaScript warning: https://cdn.js7k.com/ix/talon-1.0.40.js, line 1: WEBGL_debug_renderer_info is deprecated in Firefox and will be removed. Please use RENDERER.
1675346867184	geckodriver	INFO	Listening on 127.0.0.1:53369
1675346870371	mozrunner::runner	INFO	Running command: "C:\\Program Files\\Mozilla Firefox\\firefox.exe" "--marionette" "-no-remote" "-profile" "C:\\Users\\RAFAEL~1.AMA\\AppData\\Local\\Temp\\rust_mozprofilen4V2T3"
1675346875056	Marionette	INFO	Marionette enabled
1675346875077	Marionette	INFO	Listening on port 53399
Read port: 53399
Read port: 53399
Read port: 53399
Read port: 53399
1675346879490	RemoteAgent	WARN	TLS certificate errors will be ignored for this session
console.warn: SearchSettings: "get: No settings file exists, new profile?" (new NotFoundError("Could not open the file at C:\\Users\\RAFAEL~1.AMA\\AppData\\Local\\Temp\\rust_mozprofilen4V2T3\\search.json.mozlz4", (void 0)))
console.warn: LoginRecipes: "Falling back to a synchronous message for: http://monitorweb.ph3a.com.br."
console.warn: LoginRecipes: "Falling back to a synchronous message for: http://monitorweb.ph3a.com.br."
console.warn: LoginRecipes: "Falling back to a synchronous message for: https://www.ph3a.com.br."
1675347065079	Marionette	INFO	Stopped listening on port 53399
1675426432131	geckodriver	INFO	Listening on 127.0.0.1:57722
1675426435696	mozrunner::runner	INFO	Running command: "C:\\Program Files\\Mozilla Firefox\\firefox.exe" "--marionette" "-no-remote" "-profile" "C:\\Users\\RAFAEL~1.AMA\\AppData\\Local\\Temp\\rust_mozprofilePF7dQd"
1675426442579	Marionette	INFO	Marionette enabled
1675426442607	Marionette	INFO	Listening on port 57745
Read port: 57745
Read port: 57745
Read port: 57745
Read port: 57745
Read port: 57745
Read port: 57745
1675426449880	RemoteAgent	WARN	TLS certificate errors will be ignored for this session
console.warn: SearchSettings: "get: No settings file exists, new profile?" (new NotFoundError("Could not open the file at C:\\Users\\RAFAEL~1.AMA\\AppData\\Local\\Temp\\rust_mozprofilePF7dQd\\search.json.mozlz4", (void 0)))
console.warn: LoginRecipes: "Falling back to a synchronous message for: https://login.live.com."
console.warn: LoginRecipes: "Falling back to a synchronous message for: https://login.live.com."
console.warn: LoginRecipes: "Falling back to a synchronous message for: https://login.live.com."
console.warn: LoginRecipes: "Falling back to a synchronous message for: https://login.live.com."
console.warn: LoginRecipes: "Falling back to a synchronous message for: https://login.live.com."
JavaScript error: https://outlook.live.com/mail/0/, line 2: ChunkLoadError: Loading chunk 75482 failed.
(error: https://res.cdn.office.net/owamail/20230120008.16/scripts/owa.75482.js)
JavaScript error: https://outlook.live.com/mail/0/, line 2: ChunkLoadError: Loading chunk 75482 failed.
(error: https://res.cdn.office.net/owamail/20230120008.16/scripts/owa.75482.js)
JavaScript error: https://outlook.live.com/mail/0/, line 2: ChunkLoadError: Loading chunk 75482 failed.
(error: https://res.cdn.office.net/owamail/20230120008.16/scripts/owa.75482.js)
JavaScript error: https://outlook.live.com/mail/0/, line 2: ChunkLoadError: Loading chunk 75482 failed.
(error: https://res.cdn.office.net/owamail/20230120008.16/scripts/owa.75482.js)
JavaScript error: https://outlook.live.com/mail/0/, line 2: ChunkLoadError: Loading chunk 11102 failed.
(error: https://res.cdn.office.net/owamail/20230120008.16/scripts/owa.11102.js)
JavaScript error: https://outlook.live.com/mail/0/, line 2: ChunkLoadError: Loading chunk 11102 failed.
(error: https://res.cdn.office.net/owamail/20230120008.16/scripts/owa.11102.js)
JavaScript error: https://outlook.live.com/mail/0/, line 2: ChunkLoadError: Loading chunk 11102 failed.
(error: https://res.cdn.office.net/owamail/20230120008.16/scripts/owa.11102.js)
JavaScript error: https://outlook.live.com/mail/0/, line 2: ChunkLoadError: Loading chunk 11102 failed.
(error: https://res.cdn.office.net/owamail/20230120008.16/scripts/owa.11102.js)
JavaScript error: https://outlook.live.com/mail/0/, line 2: ChunkLoadError: Loading chunk 11102 failed.
(error: https://res.cdn.office.net/owamail/20230120008.16/scripts/owa.11102.js)
JavaScript error: https://outlook.live.com/mail/0/, line 2: ChunkLoadError: Loading chunk 11102 failed.
(error: https://res.cdn.office.net/owamail/20230120008.16/scripts/owa.11102.js)
JavaScript error: https://outlook.live.com/mail/0/, line 2: ChunkLoadError: Loading chunk 11102 failed.
(error: https://res.cdn.office.net/owamail/20230120008.16/scripts/owa.11102.js)
JavaScript error: https://outlook.live.com/mail/0/, line 2: ChunkLoadError: Loading chunk 11102 failed.
(error: https://res.cdn.office.net/owamail/20230120008.16/scripts/owa.11102.js)
JavaScript error: https://outlook.live.com/mail/0/, line 2: ChunkLoadError: Loading chunk 3918 failed.
(error: https://res.cdn.office.net/owamail/20230120008.16/scripts/owa.ven.graphql.js)
JavaScript error: https://outlook.live.com/mail/0/, line 2: ChunkLoadError: Loading chunk 3918 failed.
(error: https://res.cdn.office.net/owamail/20230120008.16/scripts/owa.ven.graphql.js)
JavaScript error: https://outlook.live.com/mail/0/, line 2: ChunkLoadError: Loading chunk 3918 failed.
(error: https://res.cdn.office.net/owamail/20230120008.16/scripts/owa.ven.graphql.js)
JavaScript error: https://outlook.live.com/mail/0/, line 2: ChunkLoadError: Loading chunk 3918 failed.
(error: https://res.cdn.office.net/owamail/20230120008.16/scripts/owa.ven.graphql.js)
JavaScript error: https://outlook.live.com/mail/0/, line 2: ChunkLoadError: Loading chunk 3918 failed.
(error: https://res.cdn.office.net/owamail/20230120008.16/scripts/owa.ven.graphql.js)
JavaScript error: https://outlook.live.com/mail/0/, line 2: ChunkLoadError: Loading chunk 3918 failed.
(error: https://res.cdn.office.net/owamail/20230120008.16/scripts/owa.ven.graphql.js)
JavaScript error: https://outlook.live.com/mail/0/, line 2: ChunkLoadError: Loading chunk 3918 failed.
(error: https://res.cdn.office.net/owamail/20230120008.16/scripts/owa.ven.graphql.js)
JavaScript error: https://outlook.live.com/mail/0/, line 2: ChunkLoadError: Loading chunk 3918 failed.
(error: https://res.cdn.office.net/owamail/20230120008.16/scripts/owa.ven.graphql.js)
JavaScript error: https://outlook.live.com/mail/0/, line 2: ChunkLoadError: Loading chunk 3918 failed.
(error: https://res.cdn.office.net/owamail/20230120008.16/scripts/owa.ven.graphql.js)
JavaScript error: https://outlook.live.com/mail/0/, line 2: ChunkLoadError: Loading chunk 25671 failed.
(error: https://res.cdn.office.net/owamail/20230120008.16/scripts/owa.ven.extframework.js)
JavaScript error: https://outlook.live.com/mail/0/, line 2: ChunkLoadError: Loading chunk 25671 failed.
(error: https://res.cdn.office.net/owamail/20230120008.16/scripts/owa.ven.extframework.js)
JavaScript error: https://outlook.live.com/mail/0/, line 2: ChunkLoadError: Loading chunk 25671 failed.
(error: https://res.cdn.office.net/owamail/20230120008.16/scripts/owa.ven.extframework.js)
JavaScript error: https://outlook.live.com/mail/0/, line 2: ChunkLoadError: Loading chunk 25671 failed.
(error: https://res.cdn.office.net/owamail/20230120008.16/scripts/owa.ven.extframework.js)
JavaScript error: https://outlook.live.com/mail/0/, line 2: ChunkLoadError: Loading chunk 25671 failed.
(error: https://res.cdn.office.net/owamail/20230120008.16/scripts/owa.ven.extframework.js)
JavaScript error: https://outlook.live.com/mail/0/, line 2: ChunkLoadError: Loading chunk 25671 failed.
(error: https://res.cdn.office.net/owamail/20230120008.16/scripts/owa.ven.extframework.js)
JavaScript error: https://outlook.live.com/mail/0/, line 2: ChunkLoadError: Loading chunk 25671 failed.
(error: https://res.cdn.office.net/owamail/20230120008.16/scripts/owa.ven.extframework.js)
JavaScript error: https://outlook.live.com/mail/0/, line 2: ChunkLoadError: Loading chunk 25671 failed.
(error: https://res.cdn.office.net/owamail/20230120008.16/scripts/owa.ven.extframework.js)
JavaScript error: https://outlook.live.com/mail/0/, line 2: ChunkLoadError: Loading chunk 25671 failed.
(error: https://res.cdn.office.net/owamail/20230120008.16/scripts/owa.ven.extframework.js)
JavaScript error: https://outlook.live.com/mail/0/, line 2: ChunkLoadError: Loading chunk 25671 failed.
(error: https://res.cdn.office.net/owamail/20230120008.16/scripts/owa.ven.extframework.js)
JavaScript error: https://outlook.live.com/mail/0/, line 2: ChunkLoadError: Loading chunk 52637 failed.
(error: https://res.cdn.office.net/owamail/20230120008.16/scripts/owa.ven.fluent.js)
JavaScript error: https://outlook.live.com/mail/0/, line 2: ChunkLoadError: Loading chunk 52637 failed.
(error: https://res.cdn.office.net/owamail/20230120008.16/scripts/owa.ven.fluent.js)
JavaScript error: https://outlook.live.com/mail/0/, line 2: ChunkLoadError: Loading chunk 52637 failed.
(error: https://res.cdn.office.net/owamail/20230120008.16/scripts/owa.ven.fluent.js)
JavaScript error: https://outlook.live.com/mail/0/, line 2: ChunkLoadError: Loading chunk 52637 failed.
(error: https://res.cdn.office.net/owamail/20230120008.16/scripts/owa.ven.fluent.js)
JavaScript error: https://outlook.live.com/mail/0/, line 2: ChunkLoadError: Loading chunk 52637 failed.
(error: https://res.cdn.office.net/owamail/20230120008.16/scripts/owa.ven.fluent.js)
JavaScript error: https://outlook.live.com/mail/0/, line 2: ChunkLoadError: Loading chunk 52637 failed.
(error: https://res.cdn.office.net/owamail/20230120008.16/scripts/owa.ven.fluent.js)
JavaScript error: https://outlook.live.com/mail/0/, line 2: ChunkLoadError: Loading chunk 52637 failed.
(error: https://res.cdn.office.net/owamail/20230120008.16/scripts/owa.ven.fluent.js)
JavaScript error: https://outlook.live.com/mail/0/, line 2: ChunkLoadError: Loading chunk 52637 failed.
(error: https://res.cdn.office.net/owamail/20230120008.16/scripts/owa.ven.fluent.js)
JavaScript error: https://outlook.live.com/mail/0/, line 2: ChunkLoadError: Loading chunk 32557 failed.
(error: https://res.cdn.office.net/owamail/20230120008.16/scripts/owa.ven.fluentIcons.js)
JavaScript error: https://outlook.live.com/mail/0/, line 2: ChunkLoadError: Loading chunk 32557 failed.
(error: https://res.cdn.office.net/owamail/20230120008.16/scripts/owa.ven.fluentIcons.js)
JavaScript error: https://outlook.live.com/mail/0/, line 2: ChunkLoadError: Loading chunk 32557 failed.
(error: https://res.cdn.office.net/owamail/20230120008.16/scripts/owa.ven.fluentIcons.js)
JavaScript error: https://outlook.live.com/mail/0/, line 2: ChunkLoadError: Loading chunk 32557 failed.
(error: https://res.cdn.office.net/owamail/20230120008.16/scripts/owa.ven.fluentIcons.js)
JavaScript error: https://outlook.live.com/mail/0/, line 2: ChunkLoadError: Loading chunk 32557 failed.
(error: https://res.cdn.office.net/owamail/20230120008.16/scripts/owa.ven.fluentIcons.js)
JavaScript error: https://outlook.live.com/mail/0/, line 2: ChunkLoadError: Loading chunk 32557 failed.
(error: https://res.cdn.office.net/owamail/20230120008.16/scripts/owa.ven.fluentIcons.js)
JavaScript error: https://outlook.live.com/mail/0/, line 2: ChunkLoadError: Loading chunk 32557 failed.
(error: https://res.cdn.office.net/owamail/20230120008.16/scripts/owa.ven.fluentIcons.js)
JavaScript error: https://outlook.live.com/mail/0/, line 2: ChunkLoadError: Loading chunk 32557 failed.
(error: https://res.cdn.office.net/owamail/20230120008.16/scripts/owa.ven.fluentIcons.js)
JavaScript error: https://outlook.live.com/mail/0/, line 2: ChunkLoadError: Loading chunk 22723 failed.
(error: https://res.cdn.office.net/owamail/20230120008.16/scripts/owa.22723.js)
JavaScript error: https://outlook.live.com/mail/0/, line 2: ChunkLoadError: Loading chunk 22723 failed.
(error: https://res.cdn.office.net/owamail/20230120008.16/scripts/owa.22723.js)
JavaScript error: https://outlook.live.com/mail/0/, line 2: ChunkLoadError: Loading chunk 22723 failed.
(error: https://res.cdn.office.net/owamail/20230120008.16/scripts/owa.22723.js)
JavaScript error: https://outlook.live.com/mail/0/, line 2: ChunkLoadError: Loading chunk 22723 failed.
(error: https://res.cdn.office.net/owamail/20230120008.16/scripts/owa.22723.js)
JavaScript error: https://outlook.live.com/mail/0/, line 2: ChunkLoadError: Loading chunk 22723 failed.
(error: https://res.cdn.office.net/owamail/20230120008.16/scripts/owa.22723.js)
JavaScript error: https://outlook.live.com/mail/0/, line 2: ChunkLoadError: Loading chunk 22723 failed.
(error: https://res.cdn.office.net/owamail/20230120008.16/scripts/owa.22723.js)
JavaScript error: https://outlook.live.com/mail/0/, line 2: ChunkLoadError: Loading chunk 22723 failed.
(error: https://res.cdn.office.net/owamail/20230120008.16/scripts/owa.22723.js)
JavaScript error: https://outlook.live.com/mail/0/, line 2: ChunkLoadError: Loading chunk 22723 failed.
(error: https://res.cdn.office.net/owamail/20230120008.16/scripts/owa.22723.js)
JavaScript error: https://outlook.live.com/mail/0/, line 2: ChunkLoadError: Loading chunk 93674 failed.
(error: https://res.cdn.office.net/owamail/20230120008.16/scripts/owa.93674.js)
JavaScript error: https://outlook.live.com/mail/0/, line 2: ChunkLoadError: Loading chunk 93674 failed.
(error: https://res.cdn.office.net/owamail/20230120008.16/scripts/owa.93674.js)
JavaScript error: https://outlook.live.com/mail/0/, line 2: ChunkLoadError: Loading chunk 93674 failed.
(error: https://res.cdn.office.net/owamail/20230120008.16/scripts/owa.93674.js)
JavaScript error: https://outlook.live.com/mail/0/, line 2: ChunkLoadError: Loading chunk 93674 failed.
(error: https://res.cdn.office.net/owamail/20230120008.16/scripts/owa.93674.js)
JavaScript error: https://outlook.live.com/mail/0/, line 2: ChunkLoadError: Loading chunk 93674 failed.
(error: https://res.cdn.office.net/owamail/20230120008.16/scripts/owa.93674.js)
JavaScript error: https://outlook.live.com/mail/0/, line 2: ChunkLoadError: Loading chunk 93674 failed.
(error: https://res.cdn.office.net/owamail/20230120008.16/scripts/owa.93674.js)
JavaScript error: https://outlook.live.com/mail/0/, line 2: ChunkLoadError: Loading chunk 93674 failed.
(error: https://res.cdn.office.net/owamail/20230120008.16/scripts/owa.93674.js)
JavaScript error: https://outlook.live.com/mail/0/, line 2: ChunkLoadError: Loading chunk 93674 failed.
(error: https://res.cdn.office.net/owamail/20230120008.16/scripts/owa.93674.js)
JavaScript error: https://outlook.live.com/mail/0/, line 2: ChunkLoadError: Loading chunk 5989 failed.
(error: https://res.cdn.office.net/owamail/20230120008.16/scripts/owa.5989.js)
JavaScript error: https://outlook.live.com/mail/0/, line 2: ChunkLoadError: Loading chunk 5989 failed.
(error: https://res.cdn.office.net/owamail/20230120008.16/scripts/owa.5989.js)
JavaScript error: https://outlook.live.com/mail/0/, line 2: ChunkLoadError: Loading chunk 5989 failed.
(error: https://res.cdn.office.net/owamail/20230120008.16/scripts/owa.5989.js)
JavaScript error: https://outlook.live.com/mail/0/, line 2: ChunkLoadError: Loading chunk 5989 failed.
(error: https://res.cdn.office.net/owamail/20230120008.16/scripts/owa.5989.js)
JavaScript error: https://outlook.live.com/mail/0/, line 2: ChunkLoadError: Loading chunk 5989 failed.
(error: https://res.cdn.office.net/owamail/20230120008.16/scripts/owa.5989.js)
JavaScript error: https://outlook.live.com/mail/0/, line 2: ChunkLoadError: Loading chunk 5989 failed.
(error: https://res.cdn.office.net/owamail/20230120008.16/scripts/owa.5989.js)
JavaScript error: https://outlook.live.com/mail/0/, line 2: ChunkLoadError: Loading chunk 5989 failed.
(error: https://res.cdn.office.net/owamail/20230120008.16/scripts/owa.5989.js)
JavaScript error: https://outlook.live.com/mail/0/, line 2: ChunkLoadError: Loading chunk 5989 failed.
(error: https://res.cdn.office.net/owamail/20230120008.16/scripts/owa.5989.js)
JavaScript error: https://outlook.live.com/mail/0/, line 2: ChunkLoadError: Loading chunk 42048 failed.
(error: https://res.cdn.office.net/owamail/20230120008.16/scripts/owa.42048.js)
JavaScript error: https://outlook.live.com/mail/0/, line 2: ChunkLoadError: Loading chunk 42048 failed.
(error: https://res.cdn.office.net/owamail/20230120008.16/scripts/owa.42048.js)
JavaScript error: https://outlook.live.com/mail/0/, line 2: ChunkLoadError: Loading chunk 94044 failed.
(error: https://res.cdn.office.net/owamail/20230120008.16/scripts/owa.94044.js)
JavaScript error: https://outlook.live.com/mail/0/, line 2: ChunkLoadError: Loading chunk 94044 failed.
(error: https://res.cdn.office.net/owamail/20230120008.16/scripts/owa.94044.js)
JavaScript error: https://outlook.live.com/mail/0/, line 2: ChunkLoadError: Loading chunk 94044 failed.
(error: https://res.cdn.office.net/owamail/20230120008.16/scripts/owa.94044.js)
JavaScript error: https://outlook.live.com/mail/0/, line 2: ChunkLoadError: Loading chunk 94044 failed.
(error: https://res.cdn.office.net/owamail/20230120008.16/scripts/owa.94044.js)
JavaScript error: https://outlook.live.com/mail/0/, line 2: ChunkLoadError: Loading chunk 94044 failed.
(error: https://res.cdn.office.net/owamail/20230120008.16/scripts/owa.94044.js)
JavaScript error: https://outlook.live.com/mail/0/, line 2: ChunkLoadError: Loading chunk 94044 failed.
(error: https://res.cdn.office.net/owamail/20230120008.16/scripts/owa.94044.js)
JavaScript error: https://outlook.live.com/mail/0/, line 2: ChunkLoadError: Loading chunk 94044 failed.
(error: https://res.cdn.office.net/owamail/20230120008.16/scripts/owa.94044.js)
JavaScript error: https://outlook.live.com/mail/0/, line 2: ChunkLoadError: Loading chunk 94044 failed.
(error: https://res.cdn.office.net/owamail/20230120008.16/scripts/owa.94044.js)
JavaScript error: https://outlook.live.com/mail/0/, line 2: ChunkLoadError: Loading chunk 9415 failed.
(error: https://res.cdn.office.net/owamail/20230120008.16/scripts/owa.9415.js)
JavaScript error: https://outlook.live.com/mail/0/, line 2: ChunkLoadError: Loading chunk 9415 failed.
(error: https://res.cdn.office.net/owamail/20230120008.16/scripts/owa.9415.js)
JavaScript error: https://outlook.live.com/mail/0/, line 2: ChunkLoadError: Loading chunk 70776 failed.
(error: https://res.cdn.office.net/owamail/20230120008.16/scripts/owa.70776.js)
JavaScript error: https://outlook.live.com/mail/0/, line 2: ChunkLoadError: Loading chunk 70776 failed.
(error: https://res.cdn.office.net/owamail/20230120008.16/scripts/owa.70776.js)
JavaScript error: https://outlook.live.com/mail/0/, line 2: ChunkLoadError: Loading chunk 70776 failed.
(error: https://res.cdn.office.net/owamail/20230120008.16/scripts/owa.70776.js)
JavaScript error: https://outlook.live.com/mail/0/, line 2: ChunkLoadError: Loading chunk 20529 failed.
(error: https://res.cdn.office.net/owamail/20230120008.16/scripts/owa.20529.js)
JavaScript error: https://outlook.live.com/mail/0/, line 2: ChunkLoadError: Loading chunk 20529 failed.
(error: https://res.cdn.office.net/owamail/20230120008.16/scripts/owa.20529.js)
JavaScript error: https://outlook.live.com/mail/0/, line 2: ChunkLoadError: Loading chunk 20529 failed.
(error: https://res.cdn.office.net/owamail/20230120008.16/scripts/owa.20529.js)
JavaScript error: https://outlook.live.com/mail/0/, line 2: ChunkLoadError: Loading chunk 2626 failed.
(error: https://res.cdn.office.net/owamail/20230120008.16/scripts/owa.2626.js)
JavaScript error: https://outlook.live.com/mail/0/, line 2: ChunkLoadError: Loading chunk 2626 failed.
(error: https://res.cdn.office.net/owamail/20230120008.16/scripts/owa.2626.js)
JavaScript error: https://outlook.live.com/mail/0/, line 2: ChunkLoadError: Loading chunk 2626 failed.
(error: https://res.cdn.office.net/owamail/20230120008.16/scripts/owa.2626.js)
JavaScript error: https://outlook.live.com/mail/0/, line 2: ChunkLoadError: Loading chunk 73820 failed.
(error: https://res.cdn.office.net/owamail/20230120008.16/scripts/owa.73820.js)
JavaScript error: https://outlook.live.com/mail/0/, line 2: ChunkLoadError: Loading chunk 73820 failed.
(error: https://res.cdn.office.net/owamail/20230120008.16/scripts/owa.73820.js)
JavaScript error: https://outlook.live.com/mail/0/, line 2: ChunkLoadError: Loading chunk 73820 failed.
(error: https://res.cdn.office.net/owamail/20230120008.16/scripts/owa.73820.js)
JavaScript error: https://outlook.live.com/mail/0/, line 2: ChunkLoadError: Loading chunk 69775 failed.
(error: https://res.cdn.office.net/owamail/20230120008.16/scripts/owa.69775.js)
JavaScript error: https://outlook.live.com/mail/0/, line 2: ChunkLoadError: Loading chunk 69775 failed.
(error: https://res.cdn.office.net/owamail/20230120008.16/scripts/owa.69775.js)
JavaScript error: https://outlook.live.com/mail/0/, line 2: ChunkLoadError: Loading chunk 69775 failed.
(error: https://res.cdn.office.net/owamail/20230120008.16/scripts/owa.69775.js)
JavaScript error: https://outlook.live.com/mail/0/, line 2: ChunkLoadError: Loading chunk 36148 failed.
(error: https://res.cdn.office.net/owamail/20230120008.16/scripts/owa.36148.js)
JavaScript error: https://outlook.live.com/mail/0/, line 2: ChunkLoadError: Loading chunk 36148 failed.
(error: https://res.cdn.office.net/owamail/20230120008.16/scripts/owa.36148.js)
JavaScript error: https://outlook.live.com/mail/0/, line 2: ChunkLoadError: Loading chunk 36148 failed.
(error: https://res.cdn.office.net/owamail/20230120008.16/scripts/owa.36148.js)
JavaScript error: https://outlook.live.com/mail/0/, line 2: ChunkLoadError: Loading chunk 14284 failed.
(error: https://res.cdn.office.net/owamail/20230120008.16/scripts/owa.SharedBoot.js)
JavaScript error: https://outlook.live.com/mail/0/, line 2: ChunkLoadError: Loading chunk 14284 failed.
(error: https://res.cdn.office.net/owamail/20230120008.16/scripts/owa.SharedBoot.js)
JavaScript error: https://outlook.live.com/mail/0/, line 2: ChunkLoadError: Loading chunk 14284 failed.
(error: https://res.cdn.office.net/owamail/20230120008.16/scripts/owa.SharedBoot.js)
JavaScript error: https://outlook.live.com/mail/0/, line 2: ChunkLoadError: Loading chunk 18838 failed.
(error: https://res.cdn.office.net/owamail/20230120008.16/scripts/owa.18838.js)
JavaScript error: https://outlook.live.com/mail/0/, line 2: ChunkLoadError: Loading chunk 18838 failed.
(error: https://res.cdn.office.net/owamail/20230120008.16/scripts/owa.18838.js)
JavaScript error: https://outlook.live.com/mail/0/, line 2: ChunkLoadError: Loading chunk 18838 failed.
(error: https://res.cdn.office.net/owamail/20230120008.16/scripts/owa.18838.js)
JavaScript error: https://outlook.live.com/mail/0/, line 2: ChunkLoadError: Loading chunk 18838 failed.
(error: https://res.cdn.office.net/owamail/20230120008.16/scripts/owa.18838.js)
JavaScript error: https://outlook.live.com/mail/0/, line 2: ChunkLoadError: Loading chunk 18838 failed.
(error: https://res.cdn.office.net/owamail/20230120008.16/scripts/owa.18838.js)
JavaScript error: https://outlook.live.com/mail/0/, line 2: ChunkLoadError: Loading chunk 18838 failed.
(error: https://res.cdn.office.net/owamail/20230120008.16/scripts/owa.18838.js)
JavaScript error: https://outlook.live.com/mail/0/, line 2: ChunkLoadError: Loading chunk 18838 failed.
(error: https://res.cdn.office.net/owamail/20230120008.16/scripts/owa.18838.js)
JavaScript error: https://outlook.live.com/mail/0/, line 2: ChunkLoadError: Loading chunk 18838 failed.
(error: https://res.cdn.office.net/owamail/20230120008.16/scripts/owa.18838.js)
JavaScript error: https://outlook.live.com/mail/0/, line 2: ChunkLoadError: Loading chunk 18838 failed.
(error: https://res.cdn.office.net/owamail/20230120008.16/scripts/owa.18838.js)
JavaScript error: https://outlook.live.com/mail/0/, line 2: ChunkLoadError: Loading chunk 16025 failed.
(error: https://res.cdn.office.net/owamail/20230120008.16/scripts/owa.16025.js)
JavaScript error: https://outlook.live.com/mail/0/, line 2: ChunkLoadError: Loading chunk 16025 failed.
(error: https://res.cdn.office.net/owamail/20230120008.16/scripts/owa.16025.js)
JavaScript error: https://outlook.live.com/mail/0/, line 2: ChunkLoadError: Loading chunk 16025 failed.
(error: https://res.cdn.office.net/owamail/20230120008.16/scripts/owa.16025.js)
JavaScript error: https://outlook.live.com/mail/0/, line 2: ChunkLoadError: Loading chunk 16025 failed.
(error: https://res.cdn.office.net/owamail/20230120008.16/scripts/owa.16025.js)
JavaScript error: https://outlook.live.com/mail/0/, line 2: ChunkLoadError: Loading chunk 16025 failed.
(error: https://res.cdn.office.net/owamail/20230120008.16/scripts/owa.16025.js)
JavaScript error: https://outlook.live.com/mail/0/, line 2: ChunkLoadError: Loading chunk 16025 failed.
(error: https://res.cdn.office.net/owamail/20230120008.16/scripts/owa.16025.js)
JavaScript error: https://outlook.live.com/mail/0/, line 2: ChunkLoadError: Loading chunk 16025 failed.
(error: https://res.cdn.office.net/owamail/20230120008.16/scripts/owa.16025.js)
JavaScript error: https://outlook.live.com/mail/0/, line 2: ChunkLoadError: Loading chunk 16025 failed.
(error: https://res.cdn.office.net/owamail/20230120008.16/scripts/owa.16025.js)
JavaScript error: https://outlook.live.com/mail/0/, line 2: ChunkLoadError: Loading chunk 16025 failed.
(error: https://res.cdn.office.net/owamail/20230120008.16/scripts/owa.16025.js)
JavaScript error: https://outlook.live.com/mail/0/, line 2: ChunkLoadError: Loading chunk 73112 failed.
(error: https://res.cdn.office.net/owamail/20230120008.16/scripts/owa.73112.js)
JavaScript error: https://outlook.live.com/mail/0/, line 2: ChunkLoadError: Loading chunk 73112 failed.
(error: https://res.cdn.office.net/owamail/20230120008.16/scripts/owa.73112.js)
JavaScript error: https://outlook.live.com/mail/0/, line 2: ChunkLoadError: Loading chunk 73112 failed.
(error: https://res.cdn.office.net/owamail/20230120008.16/scripts/owa.73112.js)
JavaScript error: https://outlook.live.com/mail/0/, line 2: ChunkLoadError: Loading chunk 73112 failed.
(error: https://res.cdn.office.net/owamail/20230120008.16/scripts/owa.73112.js)
JavaScript error: https://outlook.live.com/mail/0/, line 2: ChunkLoadError: Loading chunk 73112 failed.
(error: https://res.cdn.office.net/owamail/20230120008.16/scripts/owa.73112.js)
JavaScript error: https://outlook.live.com/mail/0/, line 2: ChunkLoadError: Loading chunk 73112 failed.
(error: https://res.cdn.office.net/owamail/20230120008.16/scripts/owa.73112.js)
JavaScript error: https://outlook.live.com/mail/0/, line 2: ChunkLoadError: Loading chunk 73112 failed.
(error: https://res.cdn.office.net/owamail/20230120008.16/scripts/owa.73112.js)
JavaScript error: https://outlook.live.com/mail/0/, line 2: ChunkLoadError: Loading chunk 73112 failed.
(error: https://res.cdn.office.net/owamail/20230120008.16/scripts/owa.73112.js)
JavaScript error: https://outlook.live.com/mail/0/, line 2: ChunkLoadError: Loading chunk 73112 failed.
(error: https://res.cdn.office.net/owamail/20230120008.16/scripts/owa.73112.js)
JavaScript error: https://outlook.live.com/mail/0/, line 2: ChunkLoadError: Loading chunk 84808 failed.
(error: https://res.cdn.office.net/owamail/20230120008.16/scripts/owa.84808.js)
JavaScript error: https://outlook.live.com/mail/0/, line 2: ChunkLoadError: Loading chunk 84808 failed.
(error: https://res.cdn.office.net/owamail/20230120008.16/scripts/owa.84808.js)
JavaScript error: https://outlook.live.com/mail/0/, line 2: ChunkLoadError: Loading chunk 84808 failed.
(error: https://res.cdn.office.net/owamail/20230120008.16/scripts/owa.84808.js)
JavaScript error: https://outlook.live.com/mail/0/, line 2: ChunkLoadError: Loading chunk 72746 failed.
(error: https://res.cdn.office.net/owamail/20230120008.16/scripts/owa.72746.js)
JavaScript error: https://outlook.live.com/mail/0/, line 2: ChunkLoadError: Loading chunk 72746 failed.
(error: https://res.cdn.office.net/owamail/20230120008.16/scripts/owa.72746.js)
JavaScript error: https://outlook.live.com/mail/0/, line 2: ChunkLoadError: Loading chunk 72746 failed.
(error: https://res.cdn.office.net/owamail/20230120008.16/scripts/owa.72746.js)
JavaScript error: https://outlook.live.com/mail/0/, line 2: ChunkLoadError: Loading chunk 72746 failed.
(error: https://res.cdn.office.net/owamail/20230120008.16/scripts/owa.72746.js)
JavaScript error: https://outlook.live.com/mail/0/, line 2: ChunkLoadError: Loading chunk 72746 failed.
(error: https://res.cdn.office.net/owamail/20230120008.16/scripts/owa.72746.js)
JavaScript error: https://outlook.live.com/mail/0/, line 2: ChunkLoadError: Loading chunk 72746 failed.
(error: https://res.cdn.office.net/owamail/20230120008.16/scripts/owa.72746.js)
JavaScript error: https://outlook.live.com/mail/0/, line 2: ChunkLoadError: Loading chunk 72746 failed.
(error: https://res.cdn.office.net/owamail/20230120008.16/scripts/owa.72746.js)
JavaScript error: https://outlook.live.com/mail/0/, line 2: ChunkLoadError: Loading chunk 72746 failed.
(error: https://res.cdn.office.net/owamail/20230120008.16/scripts/owa.72746.js)
JavaScript error: https://outlook.live.com/mail/0/, line 2: ChunkLoadError: Loading chunk 72746 failed.
(error: https://res.cdn.office.net/owamail/20230120008.16/scripts/owa.72746.js)
JavaScript error: https://outlook.live.com/mail/0/, line 2: ChunkLoadError: Loading chunk 36856 failed.
(error: https://res.cdn.office.net/owamail/20230120008.16/scripts/owa.36856.js)
JavaScript error: https://outlook.live.com/mail/0/, line 2: ChunkLoadError: Loading chunk 36856 failed.
(error: https://res.cdn.office.net/owamail/20230120008.16/scripts/owa.36856.js)
JavaScript error: https://outlook.live.com/mail/0/, line 2: ChunkLoadError: Loading chunk 36856 failed.
(error: https://res.cdn.office.net/owamail/20230120008.16/scripts/owa.36856.js)
